#
# A fatal error has been detected by the Java Runtime Environment:
#
#  SIGSEGV (0xb) at pc=0x00000000, pid=6325, tid=3061279552
#
# JRE version: Java(TM) SE Runtime Environment (8.0-b120) (build 1.8.0-ea-b120)
# Java VM: Java HotSpot(TM) Server VM (25.0-b62 mixed mode linux-x86 )
# Problematic frame:
# C  0x00000000
#
# Failed to write core dump. Core dumps have been disabled. To enable core dumping, try "ulimit -c unlimited" before starting Java again
#
# If you would like to submit a bug report, please visit:
#   http://bugreport.sun.com/bugreport/crash.jsp
#

---------------  T H R E A D  ---------------

Current thread (0xb6608c00):  JavaThread "main" [_thread_in_Java, id=6331, stack(0xb6726000,0xb6777000)]

siginfo:si_signo=SIGSEGV: si_errno=0, si_code=1 (SEGV_MAPERR), si_addr=0x00000000

Registers:
EAX=0xb6608c00, EBX=0x75b0b950, ECX=0x97d07d70, EDX=0x70100001
ESP=0xb6775e40, EBP=0xb6775e68, ESI=0xb6775e44, EDI=0xb6775e94
EIP=0x00000000, EFLAGS=0x00010246, CR2=0x00000000

Top of Stack: (sp=0xb6775e40)
0xb6775e40:   a7220274 97d07d70 b6775e48 75958430
0xb6775e50:   b6775e94 759b2958 00000000 759584f8
0xb6775e60:   b6775e44 b6775e90 b6775eb8 a7220274
0xb6775e70:   00000000 00000000 00000000 00000000
0xb6775e80:   00000000 00000000 00000000 97d087c8
0xb6775e90:   97d07d70 00000000 b6775e98 75b725ed
0xb6775ea0:   b6775edc 75b72ed0 00000000 75b72678
0xb6775eb0:   b6775e90 b6775edc b6775f00 a7220314 

Instructions: (pc=0x00000000)
0xffffffe0:   

Register to memory mapping:

EAX=0xb6608c00 is a thread
EBX=0x75b0b950 is an unknown value
ECX=0x97d07d70 is an oop
java.lang.ArrayIndexOutOfBoundsException 
 - klass: 'java/lang/ArrayIndexOutOfBoundsException'
EDX=0x70100001 is an unknown value
ESP=0xb6775e40 is pointing into the stack for thread: 0xb6608c00
EBP=0xb6775e68 is pointing into the stack for thread: 0xb6608c00
ESI=0xb6775e44 is pointing into the stack for thread: 0xb6608c00
EDI=0xb6775e94 is pointing into the stack for thread: 0xb6608c00


Stack: [0xb6726000,0xb6777000],  sp=0xb6775e40,  free space=319k

---------------  P R O C E S S  ---------------

Java Threads: ( => current thread )
  0x75681c00 JavaThread "Service Thread" daemon [_thread_blocked, id=6349, stack(0x75297000,0x752e8000)]
  0x75642000 JavaThread "C1 CompilerThread1" daemon [_thread_blocked, id=6348, stack(0x752e8000,0x75369000)]
  0x75640400 JavaThread "C2 CompilerThread0" daemon [_thread_blocked, id=6347, stack(0x75369000,0x753ea000)]
  0x08496800 JavaThread "JDWP Command Reader" daemon [_thread_in_native, id=6343, stack(0x753ea000,0x7543b000)]
  0x7563e800 JavaThread "JDWP Event Helper Thread" daemon [_thread_blocked, id=6342, stack(0x7543b000,0x7548c000)]
  0x7563c400 JavaThread "JDWP Transport Listener: dt_socket" daemon [_thread_blocked, id=6339, stack(0x7548c000,0x754dd000)]
  0x75633c00 JavaThread "Signal Dispatcher" daemon [_thread_blocked, id=6337, stack(0x754dd000,0x7552e000)]
  0x75616800 JavaThread "Finalizer" daemon [_thread_blocked, id=6336, stack(0x7552e000,0x7557f000)]
  0x75614000 JavaThread "Reference Handler" daemon [_thread_blocked, id=6335, stack(0x7571f000,0x75770000)]
=>0xb6608c00 JavaThread "main" [_thread_in_Java, id=6331, stack(0xb6726000,0xb6777000)]

Other Threads:
  0x75611000 VMThread [stack: 0x7557f000,0x75600000] [id=6334]
  0x75683800 WatcherThread [stack: 0x75216000,0x75297000] [id=6350]

VM state:not at safepoint (normal execution)

VM Mutex/Monitor currently owned by a thread: None

Heap:
 PSYoungGen      total 14336K, used 12125K [0x97380000, 0x98f80000, 0xa6e00000)
  eden space 12288K, 82% used [0x97380000,0x97d58938,0x97f80000)
  from space 2048K, 99% used [0x97f80000,0x9817ee58,0x98180000)
  to   space 2048K, 0% used [0x98d80000,0x98d80000,0x98f80000)
 ParOldGen       total 32768K, used 1492K [0x77e00000, 0x79e00000, 0x97380000)
  object space 32768K, 4% used [0x77e00000,0x77f75000,0x79e00000)
 Metaspace       used 1858K, capacity 2240K, committed 2328K, reserved 4400K

Card table byte_map: [0x77c87000,0x77e00000] byte_map_base: 0x778c8000

Marking Bits: (ParMarkBitMap*) 0xb7138c80
 Begin Bits: [0x76080000, 0x76c40000)
 End Bits:   [0x76c40000, 0x77800000)

Polling page: 0xb7742000

CodeCache: size=245760Kb used=1340Kb max_used=1352Kb free=244419Kb
 bounds [0xa721c000, 0xa745c000, 0xb621c000]
 total_blobs=386 nmethods=241 adapters=69
 compilation: enabled

Compilation events (10 events):
Event: 0,923 Thread 0x75640400  243       4       sun.nio.cs.StreamEncoder::implWrite (156 bytes)
Event: 0,945 Thread 0x75640400 nmethod 243 0xa7367c08 code [0xa7367e40, 0xa73688f0]
Event: 0,945 Thread 0x75640400  240   !   4       java.io.BufferedWriter::flushBuffer (53 bytes)
Event: 0,949 Thread 0x75640400 nmethod 240 0xa7367548 code [0xa7367680, 0xa73679fc]
Event: 0,950 Thread 0x75640400  242   !   4       sun.nio.cs.StreamEncoder::write (78 bytes)
Event: 0,954 Thread 0x75640400 nmethod 242 0xa7366188 code [0xa73662c0, 0xa73666bc]
Event: 0,954 Thread 0x75640400  244   !   4       java.nio.charset.CharsetEncoder::encode (285 bytes)
Event: 0,968 Thread 0x75640400 nmethod 244 0xa736e848 code [0xa736ea60, 0xa736f0dc]
Event: 0,969 Thread 0x75640400  245       4       sun.nio.cs.UTF_8$Encoder::encodeLoop (28 bytes)
Event: 0,971 Thread 0x75640400 nmethod 245 0xa735e6c8 code [0xa735e7e0, 0xa735e944]

GC Heap History (2 events):
Event: 0,548 GC heap before
{Heap before GC invocations=1 (full 0):
 PSYoungGen      total 14336K, used 12288K [0x97380000, 0x98380000, 0xa6e00000)
  eden space 12288K, 100% used [0x97380000,0x97f80000,0x97f80000)
  from space 2048K, 0% used [0x98180000,0x98180000,0x98380000)
  to   space 2048K, 0% used [0x97f80000,0x97f80000,0x98180000)
 ParOldGen       total 32768K, used 0K [0x77e00000, 0x79e00000, 0x97380000)
  object space 32768K, 0% used [0x77e00000,0x77e00000,0x79e00000)
 Metaspace       used 1810K, capacity 2240K, committed 2328K, reserved 4400K
Event: 0,569 GC heap after
Heap after GC invocations=1 (full 0):
 PSYoungGen      total 14336K, used 2043K [0x97380000, 0x98f80000, 0xa6e00000)
  eden space 12288K, 0% used [0x97380000,0x97380000,0x97f80000)
  from space 2048K, 99% used [0x97f80000,0x9817ee58,0x98180000)
  to   space 2048K, 0% used [0x98d80000,0x98d80000,0x98f80000)
 ParOldGen       total 32768K, used 1492K [0x77e00000, 0x79e00000, 0x97380000)
  object space 32768K, 4% used [0x77e00000,0x77f75000,0x79e00000)
 Metaspace       used 1810K, capacity 2240K, committed 2328K, reserved 4400K
}

Deoptimization events (5 events):
Event: 0,444 Thread 0xb6608c00 Uncommon trap: reason=array_check action=maybe_recompile pc=0xa73059fc method=java.util.AbstractCollection.toArray([Ljava/lang/Object;)[Ljava/lang/Object; @ 119
Event: 0,445 Thread 0xb6608c00 Uncommon trap: reason=array_check action=maybe_recompile pc=0xa73059fc method=java.util.AbstractCollection.toArray([Ljava/lang/Object;)[Ljava/lang/Object; @ 119
Event: 0,445 Thread 0xb6608c00 Uncommon trap: reason=array_check action=maybe_recompile pc=0xa73059fc method=java.util.AbstractCollection.toArray([Ljava/lang/Object;)[Ljava/lang/Object; @ 119
Event: 0,445 Thread 0xb6608c00 Uncommon trap: reason=array_check action=maybe_recompile pc=0xa73059fc method=java.util.AbstractCollection.toArray([Ljava/lang/Object;)[Ljava/lang/Object; @ 119
Event: 0,909 Thread 0xb6608c00 Uncommon trap: reason=unreached action=reinterpret pc=0xa7361060 method=java.util.HashMap.getNode(ILjava/lang/Object;)Ljava/util/HashMap$Node; @ 76

Internal exceptions (10 events):
Event: 0,047 Thread 0xb6608c00 Exception <a 'java/lang/NoSuchMethodError': Method sun.misc.Unsafe.defineClass(Ljava/lang/String;[BII)Ljava/lang/Class; name or signature does not match> (0x9738f6f0) thrown at [/HUDSON/workspace/8-2-build-linux-i586/jdk8/1008/hotspot/src/share/vm/prims/j
Event: 0,047 Thread 0xb6608c00 Exception <a 'java/lang/NoSuchMethodError': Method sun.misc.Unsafe.prefetchRead(Ljava/lang/Object;J)V name or signature does not match> (0x9738f970) thrown at [/HUDSON/workspace/8-2-build-linux-i586/jdk8/1008/hotspot/src/share/vm/prims/jni.cpp, line 3994]
Event: 0,287 Thread 0xb6608c00 Exception <a 'java/security/PrivilegedActionException'> (0x97487760) thrown at [/HUDSON/workspace/8-2-build-linux-i586/jdk8/1008/hotspot/src/share/vm/prims/jvm.cpp, line 1248]
Event: 0,293 Thread 0xb6608c00 Exception <a 'java/security/PrivilegedActionException'> (0x9748c5e0) thrown at [/HUDSON/workspace/8-2-build-linux-i586/jdk8/1008/hotspot/src/share/vm/prims/jvm.cpp, line 1248]
Event: 0,294 Thread 0xb6608c00 Exception <a 'java/security/PrivilegedActionException'> (0x9748fdb8) thrown at [/HUDSON/workspace/8-2-build-linux-i586/jdk8/1008/hotspot/src/share/vm/prims/jvm.cpp, line 1248]
Event: 0,296 Thread 0xb6608c00 Exception <a 'java/security/PrivilegedActionException'> (0x97493b48) thrown at [/HUDSON/workspace/8-2-build-linux-i586/jdk8/1008/hotspot/src/share/vm/prims/jvm.cpp, line 1248]
Event: 0,298 Thread 0xb6608c00 Exception <a 'java/security/PrivilegedActionException'> (0x9749db58) thrown at [/HUDSON/workspace/8-2-build-linux-i586/jdk8/1008/hotspot/src/share/vm/prims/jvm.cpp, line 1248]
Event: 0,495 Thread 0xb6608c00 Exception <a 'java/security/PrivilegedActionException'> (0x97e2fb98) thrown at [/HUDSON/workspace/8-2-build-linux-i586/jdk8/1008/hotspot/src/share/vm/prims/jvm.cpp, line 1248]
Event: 0,910 Thread 0xb6608c00 Exception <a 'java/security/PrivilegedActionException'> (0x97d055a0) thrown at [/HUDSON/workspace/8-2-build-linux-i586/jdk8/1008/hotspot/src/share/vm/prims/jvm.cpp, line 1248]
Event: 74,690 Thread 0xb6608c00 Exception <a 'java/lang/ArrayIndexOutOfBoundsException': 0> (0x97d07d70) thrown at [/HUDSON/workspace/8-2-build-linux-i586/jdk8/1008/hotspot/src/share/vm/interpreter/interpreterRuntime.cpp, line 337]

Events (10 events):
Event: 110,518 Executing VM operation: GetOrSetLocal
Event: 110,519 Executing VM operation: GetOrSetLocal done
Event: 110,519 Executing VM operation: GetOrSetLocal
Event: 110,519 Executing VM operation: GetOrSetLocal done
Event: 115,040 loading class java/util/IdentityHashMap
Event: 115,040 loading class java/util/IdentityHashMap done
Event: 115,040 loading class java/util/IdentityHashMap$KeySet
Event: 115,040 loading class java/util/IdentityHashMap$KeySet done
Event: 115,040 loading class java/lang/Throwable$PrintStreamOrWriter
Event: 115,040 loading class java/lang/Throwable$PrintStreamOrWriter done


Dynamic libraries:
08048000-08049000 r-xp 00000000 08:06 8658216    /usr/lib/jvm/java-8-oracle/bin/java
08049000-0804a000 rw-p 00000000 08:06 8658216    /usr/lib/jvm/java-8-oracle/bin/java
08495000-08626000 rw-p 00000000 00:00 0          [heap]
75000000-750f7000 rw-p 00000000 00:00 0 
750f7000-75100000 ---p 00000000 00:00 0 
75171000-75216000 r--s 010b2000 08:06 8783260    /usr/lib/jvm/java-8-oracle/jre/lib/ext/jfxrt.jar
75216000-75217000 ---p 00000000 00:00 0 
75217000-75297000 rw-p 00000000 00:00 0          [stack:6350]
75297000-7529a000 ---p 00000000 00:00 0 
7529a000-752e8000 rw-p 00000000 00:00 0          [stack:6349]
752e8000-752eb000 ---p 00000000 00:00 0 
752eb000-75369000 rw-p 00000000 00:00 0          [stack:6348]
75369000-7536c000 ---p 00000000 00:00 0 
7536c000-753ea000 rw-p 00000000 00:00 0          [stack:6347]
753ea000-753ed000 ---p 00000000 00:00 0 
753ed000-7543b000 rw-p 00000000 00:00 0          [stack:6343]
7543b000-7543e000 ---p 00000000 00:00 0 
7543e000-7548c000 rw-p 00000000 00:00 0          [stack:6342]
7548c000-7548f000 ---p 00000000 00:00 0 
7548f000-754dd000 rw-p 00000000 00:00 0          [stack:6339]
754dd000-754e0000 ---p 00000000 00:00 0 
754e0000-7552e000 rw-p 00000000 00:00 0          [stack:6337]
7552e000-75531000 ---p 00000000 00:00 0 
75531000-7557f000 rw-p 00000000 00:00 0          [stack:6336]
7557f000-75580000 ---p 00000000 00:00 0 
75580000-75600000 rw-p 00000000 00:00 0          [stack:6334]
75600000-756fe000 rw-p 00000000 00:00 0 
756fe000-75700000 ---p 00000000 00:00 0 
7571f000-75722000 ---p 00000000 00:00 0 
75722000-75770000 rw-p 00000000 00:00 0          [stack:6335]
75770000-75944000 r--s 03c2b000 08:06 8658420    /usr/lib/jvm/java-8-oracle/jre/lib/rt.jar
75944000-75b8a000 rw-p 00000000 00:00 0 
75b8a000-75d90000 ---p 00000000 00:00 0 
75d90000-77800000 rw-p 00000000 00:00 0 
77800000-77821000 rw-p 00000000 00:00 0 
77821000-77900000 ---p 00000000 00:00 0 
77931000-7797f000 rw-p 00000000 00:00 0 
7797f000-77980000 ---p 00000000 00:00 0 
77980000-77a00000 rw-p 00000000 00:00 0          [stack:6333]
77a00000-77a21000 rw-p 00000000 00:00 0 
77a21000-77b00000 ---p 00000000 00:00 0 
77b0b000-77b0c000 ---p 00000000 00:00 0 
77b0c000-77b9c000 rw-p 00000000 00:00 0          [stack:6332]
77b9c000-77c87000 ---p 00000000 00:00 0 
77c87000-77c97000 rw-p 00000000 00:00 0 
77c97000-77d81000 ---p 00000000 00:00 0 
77d81000-77d90000 rw-p 00000000 00:00 0 
77d90000-77dff000 ---p 00000000 00:00 0 
77dff000-79e00000 rw-p 00000000 00:00 0 
79e00000-97380000 ---p 00000000 00:00 0 
97380000-98f80000 rw-p 00000000 00:00 0 
98f80000-a6e00000 ---p 00000000 00:00 0 
a6e01000-a6e65000 rw-p 00000000 00:00 0 
a6e65000-a721c000 ---p 00000000 00:00 0 
a721c000-a745c000 rwxp 00000000 00:00 0 
a745c000-b621c000 ---p 00000000 00:00 0 
b621c000-b6235000 r-xp 00000000 08:06 8915300    /usr/lib/jvm/java-8-oracle/jre/lib/i386/libzip.so
b6235000-b6236000 rw-p 00018000 08:06 8915300    /usr/lib/jvm/java-8-oracle/jre/lib/i386/libzip.so
b6236000-b6241000 r-xp 00000000 08:06 17306029   /lib/i386-linux-gnu/libnss_files-2.17.so
b6241000-b6242000 r--p 0000a000 08:06 17306029   /lib/i386-linux-gnu/libnss_files-2.17.so
b6242000-b6243000 rw-p 0000b000 08:06 17306029   /lib/i386-linux-gnu/libnss_files-2.17.so
b6243000-b624d000 r-xp 00000000 08:06 17306040   /lib/i386-linux-gnu/libnss_nis-2.17.so
b624d000-b624e000 r--p 00009000 08:06 17306040   /lib/i386-linux-gnu/libnss_nis-2.17.so
b624e000-b624f000 rw-p 0000a000 08:06 17306040   /lib/i386-linux-gnu/libnss_nis-2.17.so
b624f000-b6264000 r-xp 00000000 08:06 17306026   /lib/i386-linux-gnu/libnsl-2.17.so
b6264000-b6265000 r--p 00014000 08:06 17306026   /lib/i386-linux-gnu/libnsl-2.17.so
b6265000-b6266000 rw-p 00015000 08:06 17306026   /lib/i386-linux-gnu/libnsl-2.17.so
b6266000-b6268000 rw-p 00000000 00:00 0 
b6268000-b626f000 r-xp 00000000 08:06 17306030   /lib/i386-linux-gnu/libnss_compat-2.17.so
b626f000-b6270000 r--p 00006000 08:06 17306030   /lib/i386-linux-gnu/libnss_compat-2.17.so
b6270000-b6271000 rw-p 00007000 08:06 17306030   /lib/i386-linux-gnu/libnss_compat-2.17.so
b6271000-b63a3000 r--p 0018a000 08:06 7864469    /usr/lib/locale/locale-archive
b63a3000-b65a3000 r--p 00000000 08:06 7864469    /usr/lib/locale/locale-archive
b65a3000-b65da000 r-xp 00000000 08:06 8915305    /usr/lib/jvm/java-8-oracle/jre/lib/i386/libjdwp.so
b65da000-b65db000 rw-p 00037000 08:06 8915305    /usr/lib/jvm/java-8-oracle/jre/lib/i386/libjdwp.so
b65db000-b65ff000 r-xp 00000000 08:06 8915155    /usr/lib/jvm/java-8-oracle/jre/lib/i386/libjava.so
b65ff000-b6600000 rw-p 00023000 08:06 8915155    /usr/lib/jvm/java-8-oracle/jre/lib/i386/libjava.so
b6600000-b66f7000 rw-p 00000000 00:00 0 
b66f7000-b6700000 ---p 00000000 00:00 0 
b6703000-b6715000 rw-p 00000000 00:00 0 
b6715000-b671d000 rw-s 00000000 08:06 10227124   /tmp/hsperfdata_daniel/6325
b671d000-b6724000 r-xp 00000000 08:06 17306039   /lib/i386-linux-gnu/librt-2.17.so
b6724000-b6725000 r--p 00006000 08:06 17306039   /lib/i386-linux-gnu/librt-2.17.so
b6725000-b6726000 rw-p 00007000 08:06 17306039   /lib/i386-linux-gnu/librt-2.17.so
b6726000-b6729000 ---p 00000000 00:00 0 
b6729000-b6777000 rw-p 00000000 00:00 0          [stack:6331]
b6777000-b67b8000 r-xp 00000000 08:06 17306036   /lib/i386-linux-gnu/libm-2.17.so
b67b8000-b67b9000 r--p 00040000 08:06 17306036   /lib/i386-linux-gnu/libm-2.17.so
b67b9000-b67ba000 rw-p 00041000 08:06 17306036   /lib/i386-linux-gnu/libm-2.17.so
b67ba000-b70c1000 r-xp 00000000 08:06 8915658    /usr/lib/jvm/java-8-oracle/jre/lib/i386/server/libjvm.so
b70c1000-b7129000 rw-p 00907000 08:06 8915658    /usr/lib/jvm/java-8-oracle/jre/lib/i386/server/libjvm.so
b7129000-b754d000 rw-p 00000000 00:00 0 
b754d000-b76fb000 r-xp 00000000 08:06 17306037   /lib/i386-linux-gnu/libc-2.17.so
b76fb000-b76fd000 r--p 001ae000 08:06 17306037   /lib/i386-linux-gnu/libc-2.17.so
b76fd000-b76fe000 rw-p 001b0000 08:06 17306037   /lib/i386-linux-gnu/libc-2.17.so
b76fe000-b7701000 rw-p 00000000 00:00 0 
b7701000-b7704000 r-xp 00000000 08:06 17306042   /lib/i386-linux-gnu/libdl-2.17.so
b7704000-b7705000 r--p 00002000 08:06 17306042   /lib/i386-linux-gnu/libdl-2.17.so
b7705000-b7706000 rw-p 00003000 08:06 17306042   /lib/i386-linux-gnu/libdl-2.17.so
b7706000-b771a000 r-xp 00000000 08:06 9048890    /usr/lib/jvm/java-8-oracle/lib/i386/jli/libjli.so
b771a000-b771b000 rw-p 00013000 08:06 9048890    /usr/lib/jvm/java-8-oracle/lib/i386/jli/libjli.so
b771b000-b771c000 rw-p 00000000 00:00 0 
b771c000-b7733000 r-xp 00000000 08:06 17306035   /lib/i386-linux-gnu/libpthread-2.17.so
b7733000-b7734000 r--p 00016000 08:06 17306035   /lib/i386-linux-gnu/libpthread-2.17.so
b7734000-b7735000 rw-p 00017000 08:06 17306035   /lib/i386-linux-gnu/libpthread-2.17.so
b7735000-b7737000 rw-p 00000000 00:00 0 
b773a000-b773d000 r-xp 00000000 08:06 8915633    /usr/lib/jvm/java-8-oracle/jre/lib/i386/libdt_socket.so
b773d000-b773e000 rw-p 00003000 08:06 8915633    /usr/lib/jvm/java-8-oracle/jre/lib/i386/libdt_socket.so
b773e000-b7740000 r-xp 00000000 08:06 8915549    /usr/lib/jvm/java-8-oracle/jre/lib/i386/libnpt.so
b7740000-b7741000 rw-p 00002000 08:06 8915549    /usr/lib/jvm/java-8-oracle/jre/lib/i386/libnpt.so
b7741000-b7742000 rw-p 00000000 00:00 0 
b7742000-b7743000 r--p 00000000 00:00 0 
b7743000-b774e000 r-xp 00000000 08:06 8915580    /usr/lib/jvm/java-8-oracle/jre/lib/i386/libverify.so
b774e000-b774f000 rw-p 0000b000 08:06 8915580    /usr/lib/jvm/java-8-oracle/jre/lib/i386/libverify.so
b774f000-b7751000 rw-p 00000000 00:00 0 
b7751000-b7752000 r-xp 00000000 00:00 0          [vdso]
b7752000-b7772000 r-xp 00000000 08:06 17306038   /lib/i386-linux-gnu/ld-2.17.so
b7772000-b7773000 r--p 0001f000 08:06 17306038   /lib/i386-linux-gnu/ld-2.17.so
b7773000-b7774000 rw-p 00020000 08:06 17306038   /lib/i386-linux-gnu/ld-2.17.so
bff36000-bff37000 rwxp 00000000 00:00 0 
bff69000-bff8a000 rw-p 00000000 00:00 0          [stack]

VM Arguments:
jvm_args: -agentlib:jdwp=transport=dt_socket,suspend=y,address=localhost:46316 -Dfile.encoding=UTF-8 
java_command: LogClass
java_class_path (initial): /home/daniel/git/LogThis/LogThis/bin
Launcher Type: SUN_STANDARD

Environment Variables:
PATH=/usr/games:/usr/lib/lightdm/lightdm:/usr/local/sbin:/usr/local/bin:/usr/sbin:/usr/bin:/sbin:/bin:/usr/games:/usr/local/games
LD_LIBRARY_PATH=/usr/lib/jvm/java-8-oracle/jre/lib/i386/server:/usr/lib/jvm/java-8-oracle/jre/lib/i386:/usr/lib/jvm/java-8-oracle/jre/../lib/i386:/usr/lib/jvm/java-8-oracle/jre/lib/i386/client:/usr/lib/jvm/java-8-oracle/jre/lib/i386:
SHELL=/bin/bash
DISPLAY=:0

Signal Handlers:
SIGSEGV: [libjvm.so+0x862090], sa_mask[0]=0x7ffbfeff, sa_flags=0x10000004
SIGBUS: [libjvm.so+0x862090], sa_mask[0]=0x7ffbfeff, sa_flags=0x10000004
SIGFPE: [libjvm.so+0x6ee210], sa_mask[0]=0x7ffbfeff, sa_flags=0x10000004
SIGPIPE: [libjvm.so+0x6ee210], sa_mask[0]=0x7ffbfeff, sa_flags=0x10000004
SIGXFSZ: [libjvm.so+0x6ee210], sa_mask[0]=0x7ffbfeff, sa_flags=0x10000004
SIGILL: [libjvm.so+0x6ee210], sa_mask[0]=0x7ffbfeff, sa_flags=0x10000004
SIGUSR1: SIG_DFL, sa_mask[0]=0x00000000, sa_flags=0x00000000
SIGUSR2: [libjvm.so+0x6ef920], sa_mask[0]=0x00000004, sa_flags=0x10000004
SIGHUP: [libjvm.so+0x6f0d30], sa_mask[0]=0x7ffbfeff, sa_flags=0x10000004
SIGINT: [libjvm.so+0x6f0d30], sa_mask[0]=0x7ffbfeff, sa_flags=0x10000004
SIGTERM: [libjvm.so+0x6f0d30], sa_mask[0]=0x7ffbfeff, sa_flags=0x10000004
SIGQUIT: [libjvm.so+0x6f0d30], sa_mask[0]=0x7ffbfeff, sa_flags=0x10000004


---------------  S Y S T E M  ---------------

OS:DISTRIB_ID=Ubuntu
DISTRIB_RELEASE=13.04
DISTRIB_CODENAME=raring
DISTRIB_DESCRIPTION="Ubuntu 13.04"

uname:Linux 3.8.0-34-generic #49-Ubuntu SMP Tue Nov 12 18:02:44 UTC 2013 i686
libc:glibc 2.17 NPTL 2.17 
rlimit: STACK 8192k, CORE 0k, NPROC 23805, NOFILE 4096, AS infinity
load average:0,71 0,66 0,65

/proc/meminfo:
MemTotal:        3077688 kB
MemFree:          390368 kB
Buffers:           38388 kB
Cached:           775304 kB
SwapCached:         5920 kB
Active:          1533820 kB
Inactive:        1027040 kB
Active(anon):    1355976 kB
Inactive(anon):   875152 kB
Active(file):     177844 kB
Inactive(file):   151888 kB
Unevictable:          32 kB
Mlocked:              32 kB
HighTotal:       2206408 kB
HighFree:         168592 kB
LowTotal:         871280 kB
LowFree:          221776 kB
SwapTotal:       8977404 kB
SwapFree:        8816824 kB
Dirty:               252 kB
Writeback:             0 kB
AnonPages:       1741388 kB
Mapped:           152404 kB
Shmem:            483928 kB
Slab:              74760 kB
SReclaimable:      49184 kB
SUnreclaim:        25576 kB
KernelStack:        6856 kB
PageTables:        26088 kB
NFS_Unstable:          0 kB
Bounce:                0 kB
WritebackTmp:          0 kB
CommitLimit:    10516248 kB
Committed_AS:    7691676 kB
VmallocTotal:     122880 kB
VmallocUsed:       16764 kB
VmallocChunk:     102352 kB
HardwareCorrupted:     0 kB
AnonHugePages:         0 kB
HugePages_Total:       0
HugePages_Free:        0
HugePages_Rsvd:        0
HugePages_Surp:        0
Hugepagesize:       2048 kB
DirectMap4k:       10232 kB
DirectMap2M:      903168 kB


CPU:total 2 (2 cores per cpu, 1 threads per core) family 6 model 15 stepping 10, cmov, cx8, fxsr, mmx, sse, sse2, sse3, ssse3, tsc

/proc/cpuinfo:
processor	: 0
vendor_id	: GenuineIntel
cpu family	: 6
model		: 15
model name	: Intel(R) Core(TM)2 Duo CPU     T7500  @ 2.20GHz
stepping	: 10
microcode	: 0x92
cpu MHz		: 1200.000
cache size	: 4096 KB
physical id	: 0
siblings	: 2
core id		: 0
cpu cores	: 2
apicid		: 0
initial apicid	: 0
fdiv_bug	: no
hlt_bug		: no
f00f_bug	: no
coma_bug	: no
fpu		: yes
fpu_exception	: yes
cpuid level	: 10
wp		: yes
flags		: fpu vme de pse tsc msr pae mce cx8 apic sep mtrr pge mca cmov pat pse36 clflush dts acpi mmx fxsr sse sse2 ss ht tm pbe nx lm constant_tsc arch_perfmon pebs bts aperfmperf pni dtes64 monitor ds_cpl vmx est tm2 ssse3 cx16 xtpr pdcm lahf_lm ida dtherm tpr_shadow vnmi flexpriority
bogomips	: 4389.14
clflush size	: 64
cache_alignment	: 64
address sizes	: 36 bits physical, 48 bits virtual
power management:

processor	: 1
vendor_id	: GenuineIntel
cpu family	: 6
model		: 15
model name	: Intel(R) Core(TM)2 Duo CPU     T7500  @ 2.20GHz
stepping	: 10
microcode	: 0x92
cpu MHz		: 2201.000
cache size	: 4096 KB
physical id	: 0
siblings	: 2
core id		: 1
cpu cores	: 2
apicid		: 1
initial apicid	: 1
fdiv_bug	: no
hlt_bug		: no
f00f_bug	: no
coma_bug	: no
fpu		: yes
fpu_exception	: yes
cpuid level	: 10
wp		: yes
flags		: fpu vme de pse tsc msr pae mce cx8 apic sep mtrr pge mca cmov pat pse36 clflush dts acpi mmx fxsr sse sse2 ss ht tm pbe nx lm constant_tsc arch_perfmon pebs bts aperfmperf pni dtes64 monitor ds_cpl vmx est tm2 ssse3 cx16 xtpr pdcm lahf_lm ida dtherm tpr_shadow vnmi flexpriority
bogomips	: 4389.14
clflush size	: 64
cache_alignment	: 64
address sizes	: 36 bits physical, 48 bits virtual
power management:



Memory: 4k page, physical 3077688k(390368k free), swap 8977404k(8816824k free)

vm_info: Java HotSpot(TM) Server VM (25.0-b62) for linux-x86 JRE (1.8.0-ea-b120), built on Dec 12 2013 01:21:07 by "java_re" with gcc 4.3.0 20080428 (Red Hat 4.3.0-8)

time: Sun Dec 29 20:30:35 2013
elapsed time: 115 seconds

